{"name": "Проверка отображения номера заказа в разделе \"В работе\" после создании нового заказа.", "status": "broken", "statusDetails": {"message": "selenium.common.exceptions.TimeoutException: Message: \nStacktrace:\n\tGetHandleVerifier [0x00007FF6AADDEEA2+31554]\n\t(No symbol) [0x00007FF6AAD57ED9]\n\t(No symbol) [0x00007FF6AAC1872A]\n\t(No symbol) [0x00007FF6AAC68434]\n\t(No symbol) [0x00007FF6AAC6853C]\n\t(No symbol) [0x00007FF6AACAF6A7]\n\t(No symbol) [0x00007FF6AAC8D06F]\n\t(No symbol) [0x00007FF6AACAC977]\n\t(No symbol) [0x00007FF6AAC8CDD3]\n\t(No symbol) [0x00007FF6AAC5A33B]\n\t(No symbol) [0x00007FF6AAC5AED1]\n\tGetHandleVerifier [0x00007FF6AB0E8B1D+3217341]\n\tGetHandleVerifier [0x00007FF6AB135AE3+3532675]\n\tGetHandleVerifier [0x00007FF6AB12B0E0+3489152]\n\tGetHandleVerifier [0x00007FF6AAE8E776+750614]\n\t(No symbol) [0x00007FF6AAD6375F]\n\t(No symbol) [0x00007FF6AAD5EB14]\n\t(No symbol) [0x00007FF6AAD5ECA2]\n\t(No symbol) [0x00007FF6AAD4E16F]\n\tBaseThreadInitThunk [0x00007FFC91AD7344+20]\n\tRtlUserThreadStart [0x00007FFC92BFCC91+33]", "trace": "self = <test_order_feed.TestOrderFeed object at 0x000002BB17EE1D90>, driver = <selenium.webdriver.chrome.webdriver.WebDriver (session=\"4e4d14ed82b00eefa53d194aa9cd1cb7\")>, popup = None\n\n    @allure.title('Проверка отображения номера заказа в разделе \"В работе\" после создании нового заказа.')\n    def test_in_work_counter_is_displayed_after_new_order_created_success(self, driver, popup):\n        user = MainPage(driver)\n        user.add_n200_bun_to_basket()\n        user.click_make_order_button()\n>       user.wait_for_order_img_loaded()\n\ntest\\test_order_feed.py:66: \n_ _ _ _ _ _ _ _ _ _ _ _ _ _ _ _ _ _ _ _ _ _ _ _ _ _ _ _ _ _ _ _ _ _ _ _ _ _ _ _ _ _ _ _ _ _ _ _ _ _ _ _ _ _ _ _ _ _ _ _ _ _ _ _ _ _ _ _ _ _ _ _ _ _ _ _ _ _ _ _ _ _ _ _ _ _ _ _ _ _ _ _ _ _ _ _ _ _ _ _ _ _ _ _ _ _ _ _\npages\\main_page.py:89: in wait_for_order_img_loaded\n    return self.visibility_of_element_located(MainPageLocators.ORDER_IMG)\npages\\base_page.py:32: in visibility_of_element_located\n    return WebDriverWait(self.driver, 5).until(expected_conditions.visibility_of_element_located(locator))\n_ _ _ _ _ _ _ _ _ _ _ _ _ _ _ _ _ _ _ _ _ _ _ _ _ _ _ _ _ _ _ _ _ _ _ _ _ _ _ _ _ _ _ _ _ _ _ _ _ _ _ _ _ _ _ _ _ _ _ _ _ _ _ _ _ _ _ _ _ _ _ _ _ _ _ _ _ _ _ _ _ _ _ _ _ _ _ _ _ _ _ _ _ _ _ _ _ _ _ _ _ _ _ _ _ _ _ _\n\nself = <selenium.webdriver.support.wait.WebDriverWait (session=\"4e4d14ed82b00eefa53d194aa9cd1cb7\")>, method = <function visibility_of_element_located.<locals>._predicate at 0x000002BB183D4B80>, message = ''\n\n    def until(self, method: Callable[[D], Union[Literal[False], T]], message: str = \"\") -> T:\n        \"\"\"Calls the method provided with the driver as an argument until the \\\n        return value does not evaluate to ``False``.\n    \n        :param method: callable(WebDriver)\n        :param message: optional message for :exc:`TimeoutException`\n        :returns: the result of the last call to `method`\n        :raises: :exc:`selenium.common.exceptions.TimeoutException` if timeout occurs\n        \"\"\"\n        screen = None\n        stacktrace = None\n    \n        end_time = time.monotonic() + self._timeout\n        while True:\n            try:\n                value = method(self._driver)\n                if value:\n                    return value\n            except self._ignored_exceptions as exc:\n                screen = getattr(exc, \"screen\", None)\n                stacktrace = getattr(exc, \"stacktrace\", None)\n            time.sleep(self._poll)\n            if time.monotonic() > end_time:\n                break\n>       raise TimeoutException(message, screen, stacktrace)\nE       selenium.common.exceptions.TimeoutException: Message: \nE       Stacktrace:\nE       \tGetHandleVerifier [0x00007FF6AADDEEA2+31554]\nE       \t(No symbol) [0x00007FF6AAD57ED9]\nE       \t(No symbol) [0x00007FF6AAC1872A]\nE       \t(No symbol) [0x00007FF6AAC68434]\nE       \t(No symbol) [0x00007FF6AAC6853C]\nE       \t(No symbol) [0x00007FF6AACAF6A7]\nE       \t(No symbol) [0x00007FF6AAC8D06F]\nE       \t(No symbol) [0x00007FF6AACAC977]\nE       \t(No symbol) [0x00007FF6AAC8CDD3]\nE       \t(No symbol) [0x00007FF6AAC5A33B]\nE       \t(No symbol) [0x00007FF6AAC5AED1]\nE       \tGetHandleVerifier [0x00007FF6AB0E8B1D+3217341]\nE       \tGetHandleVerifier [0x00007FF6AB135AE3+3532675]\nE       \tGetHandleVerifier [0x00007FF6AB12B0E0+3489152]\nE       \tGetHandleVerifier [0x00007FF6AAE8E776+750614]\nE       \t(No symbol) [0x00007FF6AAD6375F]\nE       \t(No symbol) [0x00007FF6AAD5EB14]\nE       \t(No symbol) [0x00007FF6AAD5ECA2]\nE       \t(No symbol) [0x00007FF6AAD4E16F]\nE       \tBaseThreadInitThunk [0x00007FFC91AD7344+20]\nE       \tRtlUserThreadStart [0x00007FFC92BFCC91+33]\n\n.venv\\Lib\\site-packages\\selenium\\webdriver\\support\\wait.py:105: TimeoutException"}, "steps": [{"name": "Открываем браузер Chrome", "status": "passed", "parameters": [{"name": "driver", "value": "<selenium.webdriver.chrome.webdriver.WebDriver (session=\"4e4d14ed82b00eefa53d194aa9cd1cb7\")>"}], "start": 1719608220026, "stop": 1719608220026}, {"name": "Добавляем бургер \"Н200\" в корзину.", "status": "passed", "start": 1719608220026, "stop": 1719608220553}, {"name": "Нажимаем кнопку \"Оформить заказ\".", "status": "passed", "start": 1719608220553, "stop": 1719608220585}, {"name": "Ожидание появления картинки в \"Заказ оформлен\".", "status": "broken", "statusDetails": {"message": "selenium.common.exceptions.TimeoutException: Message: \nStacktrace:\n\tGetHandleVerifier [0x00007FF6AADDEEA2+31554]\n\t(No symbol) [0x00007FF6AAD57ED9]\n\t(No symbol) [0x00007FF6AAC1872A]\n\t(No symbol) [0x00007FF6AAC68434]\n\t(No symbol) [0x00007FF6AAC6853C]\n\t(No symbol) [0x00007FF6AACAF6A7]\n\t(No symbol) [0x00007FF6AAC8D06F]\n\t(No symbol) [0x00007FF6AACAC977]\n\t(No symbol) [0x00007FF6AAC8CDD3]\n\t(No symbol) [0x00007FF6AAC5A33B]\n\t(No symbol) [0x00007FF6AAC5AED1]\n\tGetHandleVerifier [0x00007FF6AB0E8B1D+3217341]\n\tGetHandleVerifier [0x00007FF6AB135AE3+3532675]\n\tGetHandleVerifier [0x00007FF6AB12B0E0+3489152]\n\tGetHandleVerifier [0x00007FF6AAE8E776+750614]\n\t(No symbol) [0x00007FF6AAD6375F]\n\t(No symbol) [0x00007FF6AAD5EB14]\n\t(No symbol) [0x00007FF6AAD5ECA2]\n\t(No symbol) [0x00007FF6AAD4E16F]\n\tBaseThreadInitThunk [0x00007FFC91AD7344+20]\n\tRtlUserThreadStart [0x00007FFC92BFCC91+33]\n\n", "trace": "  File \"B:\\PycharmProjects\\Diplom_3\\.venv\\Lib\\site-packages\\allure_commons\\_allure.py\", line 192, in impl\n    return func(*a, **kw)\n           ^^^^^^^^^^^^^^\n  File \"B:\\PycharmProjects\\Diplom_3\\pages\\main_page.py\", line 89, in wait_for_order_img_loaded\n    return self.visibility_of_element_located(MainPageLocators.ORDER_IMG)\n           ^^^^^^^^^^^^^^^^^^^^^^^^^^^^^^^^^^^^^^^^^^^^^^^^^^^^^^^^^^^^^^\n  File \"B:\\PycharmProjects\\Diplom_3\\pages\\base_page.py\", line 32, in visibility_of_element_located\n    return WebDriverWait(self.driver, 5).until(expected_conditions.visibility_of_element_located(locator))\n           ^^^^^^^^^^^^^^^^^^^^^^^^^^^^^^^^^^^^^^^^^^^^^^^^^^^^^^^^^^^^^^^^^^^^^^^^^^^^^^^^^^^^^^^^^^^^^^^\n  File \"B:\\PycharmProjects\\Diplom_3\\.venv\\Lib\\site-packages\\selenium\\webdriver\\support\\wait.py\", line 105, in until\n    raise TimeoutException(message, screen, stacktrace)\n"}, "start": 1719608220585, "stop": 1719608225657}], "parameters": [{"name": "driver", "value": "'chrome'"}], "start": 1719608220026, "stop": 1719608225657, "uuid": "d7aa3493-eb56-438f-b225-8a8e9a993a78", "historyId": "e654718073aeef2810516151ecfef44c", "testCaseId": "b6838d4e8f96ada08ce202d533f038b9", "fullName": "test.test_order_feed.TestOrderFeed#test_in_work_counter_is_displayed_after_new_order_created_success", "labels": [{"name": "parentSuite", "value": "test"}, {"name": "suite", "value": "test_order_feed"}, {"name": "subSuite", "value": "TestOrderFeed"}, {"name": "host", "value": "WIN-A5H5V66RP32"}, {"name": "thread", "value": "11204-MainThread"}, {"name": "framework", "value": "pytest"}, {"name": "language", "value": "cpython3"}, {"name": "package", "value": "test.test_order_feed"}]}